{
  "stats": {
    "suites": 1,
    "tests": 2,
    "passes": 0,
    "pending": 0,
    "failures": 2,
    "start": "2021-03-14T13:07:15.676Z",
    "end": "2021-03-14T13:07:48.774Z",
    "duration": 33098,
    "testsRegistered": 2,
    "passPercent": 0,
    "pendingPercent": 0,
    "other": 0,
    "hasOther": false,
    "skipped": 0,
    "hasSkipped": false
  },
  "results": [
    {
      "uuid": "4743d6bc-f16d-4b14-a624-cb168747e9f6",
      "title": "",
      "fullFile": "cypress/integration/developerMode.spec.js",
      "file": "cypress/integration/developerMode.spec.js",
      "beforeHooks": [],
      "afterHooks": [],
      "tests": [],
      "suites": [
        {
          "uuid": "16ef7ed5-b56e-4187-9203-132269e6f66f",
          "title": "Verifica os multi-ambientes e modo de desenvolvimento",
          "fullFile": "",
          "file": "",
          "beforeHooks": [],
          "afterHooks": [],
          "tests": [
            {
              "title": "Será validado que a tag de desenvolvimento foi encontrada no frontend de desenvolvimento",
              "fullTitle": "Verifica os multi-ambientes e modo de desenvolvimento Será validado que a tag de desenvolvimento foi encontrada no frontend de desenvolvimento",
              "timedOut": null,
              "duration": 13587,
              "state": "failed",
              "speed": null,
              "pass": false,
              "fail": true,
              "pending": false,
              "context": null,
              "code": "cy.visit(FRONT_URL);\ncy.contains(\"Em desenvolvimento\").should(\"exist\");",
              "err": {
                "message": "AssertionError: Timed out retrying: Expected to find content: 'Em desenvolvimento' but never did.",
                "estack": "AssertionError: Timed out retrying: Expected to find content: 'Em desenvolvimento' but never did.\n    at Context.eval (https://dilenio-ft.herokuapp.com/__cypress/tests?p=cypress/integration/developerMode.spec.js:105:39)",
                "diff": null
              },
              "uuid": "c115189e-dedb-45d8-b341-20fdef6a91a4",
              "parentUUID": "16ef7ed5-b56e-4187-9203-132269e6f66f",
              "isHook": false,
              "skipped": false
            },
            {
              "title": "Será validado que a tag de desenvolvimento não existe no frontend de produção",
              "fullTitle": "Verifica os multi-ambientes e modo de desenvolvimento Será validado que a tag de desenvolvimento não existe no frontend de produção",
              "timedOut": null,
              "duration": 13553,
              "state": "failed",
              "speed": null,
              "pass": false,
              "fail": true,
              "pending": false,
              "context": null,
              "code": "cy.visit(FRONT_URL_PROD);\ncy.contains(\"Em desenvolvimento\").should(\"not.exist\");",
              "err": {
                "message": "AssertionError: Timed out retrying: Expected not to find content: 'Em desenvolvimento' but continuously found it.",
                "estack": "AssertionError: Timed out retrying: Expected not to find content: 'Em desenvolvimento' but continuously found it.\n    at Context.eval (https://dilenio-pd.herokuapp.com/__cypress/tests?p=cypress/integration/developerMode.spec.js:109:39)",
                "diff": null
              },
              "uuid": "dcad3437-0a07-4ba1-a42b-c96974201c34",
              "parentUUID": "16ef7ed5-b56e-4187-9203-132269e6f66f",
              "isHook": false,
              "skipped": false
            }
          ],
          "suites": [],
          "passes": [],
          "failures": [
            "c115189e-dedb-45d8-b341-20fdef6a91a4",
            "dcad3437-0a07-4ba1-a42b-c96974201c34"
          ],
          "pending": [],
          "skipped": [],
          "duration": 27140,
          "root": false,
          "rootEmpty": false,
          "_timeout": 2000
        }
      ],
      "passes": [],
      "failures": [],
      "pending": [],
      "skipped": [],
      "duration": 0,
      "root": true,
      "rootEmpty": true,
      "_timeout": 2000
    }
  ],
  "meta": {
    "mocha": {
      "version": "7.0.1"
    },
    "mochawesome": {
      "options": {
        "quiet": false,
        "reportFilename": "mochawesome",
        "saveHtml": false,
        "saveJson": true,
        "consoleReporter": "spec",
        "useInlineDiffs": false
      },
      "version": "4.1.0"
    },
    "marge": {
      "options": {
        "id": "default",
        "reportDir": "cypress/reports",
        "overwrite": false,
        "html": false,
        "json": true
      },
      "version": "4.1.0"
    }
  }
}