{
  "stats": {
    "suites": 1,
    "tests": 2,
    "passes": 1,
    "pending": 0,
    "failures": 1,
    "start": "2021-04-15T20:40:01.337Z",
    "end": "2021-04-15T20:40:24.752Z",
    "duration": 23415,
    "testsRegistered": 2,
    "passPercent": 50,
    "pendingPercent": 0,
    "other": 0,
    "hasOther": false,
    "skipped": 0,
    "hasSkipped": false
  },
  "results": [
    {
      "uuid": "cadbeb6f-ae31-457c-9162-42f0816e3fb1",
      "title": "",
      "fullFile": "cypress/integration/developerMode.spec.js",
      "file": "cypress/integration/developerMode.spec.js",
      "beforeHooks": [],
      "afterHooks": [],
      "tests": [],
      "suites": [
        {
          "uuid": "6c00dd20-d6fc-435f-87b3-3ef3a1159c38",
          "title": "Verifica os multi-ambientes e modo de desenvolvimento",
          "fullFile": "",
          "file": "",
          "beforeHooks": [],
          "afterHooks": [],
          "tests": [
            {
              "title": "Será validado que a tag de desenvolvimento foi encontrada no frontend de desenvolvimento",
              "fullTitle": "Verifica os multi-ambientes e modo de desenvolvimento Será validado que a tag de desenvolvimento foi encontrada no frontend de desenvolvimento",
              "timedOut": null,
              "duration": 4296,
              "state": "passed",
              "speed": "slow",
              "pass": true,
              "fail": false,
              "pending": false,
              "context": null,
              "code": "cy.visit(FRONT_URL);\ncy.contains(\"Em desenvolvimento\").should(\"exist\");",
              "err": {},
              "uuid": "fc8bc8e5-0c68-44fd-89a6-6f13c978bddc",
              "parentUUID": "6c00dd20-d6fc-435f-87b3-3ef3a1159c38",
              "isHook": false,
              "skipped": false
            },
            {
              "title": "Será validado que a tag de desenvolvimento não existe no frontend de produção",
              "fullTitle": "Verifica os multi-ambientes e modo de desenvolvimento Será validado que a tag de desenvolvimento não existe no frontend de produção",
              "timedOut": null,
              "duration": 14960,
              "state": "failed",
              "speed": null,
              "pass": false,
              "fail": true,
              "pending": false,
              "context": null,
              "code": "cy.visit(FRONT_URL_PROD);\ncy.contains(\"Em desenvolvimento\").should(\"not.exist\");",
              "err": {
                "message": "AssertionError: Timed out retrying: Expected not to find content: 'Em desenvolvimento' but continuously found it.",
                "estack": "AssertionError: Timed out retrying: Expected not to find content: 'Em desenvolvimento' but continuously found it.\n    at Context.eval (https://vinicinbraga-pd.herokuapp.com/__cypress/tests?p=cypress/integration/developerMode.spec.js:109:39)",
                "diff": null
              },
              "uuid": "41541bbc-022e-480a-8e78-f2cc0fd390cb",
              "parentUUID": "6c00dd20-d6fc-435f-87b3-3ef3a1159c38",
              "isHook": false,
              "skipped": false
            }
          ],
          "suites": [],
          "passes": [
            "fc8bc8e5-0c68-44fd-89a6-6f13c978bddc"
          ],
          "failures": [
            "41541bbc-022e-480a-8e78-f2cc0fd390cb"
          ],
          "pending": [],
          "skipped": [],
          "duration": 19256,
          "root": false,
          "rootEmpty": false,
          "_timeout": 2000
        }
      ],
      "passes": [],
      "failures": [],
      "pending": [],
      "skipped": [],
      "duration": 0,
      "root": true,
      "rootEmpty": true,
      "_timeout": 2000
    }
  ],
  "meta": {
    "mocha": {
      "version": "7.0.1"
    },
    "mochawesome": {
      "options": {
        "quiet": false,
        "reportFilename": "mochawesome",
        "saveHtml": false,
        "saveJson": true,
        "consoleReporter": "spec",
        "useInlineDiffs": false
      },
      "version": "4.1.0"
    },
    "marge": {
      "options": {
        "id": "default",
        "reportDir": "cypress/reports",
        "overwrite": false,
        "html": false,
        "json": true
      },
      "version": "4.1.0"
    }
  }
}