{
  "stats": {
    "suites": 1,
    "tests": 2,
    "passes": 2,
    "pending": 0,
    "failures": 0,
    "start": "2021-04-09T17:46:42.625Z",
    "end": "2021-04-09T17:46:55.200Z",
    "duration": 12575,
    "testsRegistered": 2,
    "passPercent": 100,
    "pendingPercent": 0,
    "other": 0,
    "hasOther": false,
    "skipped": 0,
    "hasSkipped": false
  },
  "results": [
    {
      "uuid": "8b239def-9254-4cf0-b8f6-1578451b4a94",
      "title": "",
      "fullFile": "cypress/integration/developerMode.spec.js",
      "file": "cypress/integration/developerMode.spec.js",
      "beforeHooks": [],
      "afterHooks": [],
      "tests": [],
      "suites": [
        {
          "uuid": "8eb17069-af55-4bec-9017-e963531983ca",
          "title": "Verifica os multi-ambientes e modo de desenvolvimento",
          "fullFile": "",
          "file": "",
          "beforeHooks": [],
          "afterHooks": [],
          "tests": [
            {
              "title": "Será validado que a tag de desenvolvimento foi encontrada no frontend de desenvolvimento",
              "fullTitle": "Verifica os multi-ambientes e modo de desenvolvimento Será validado que a tag de desenvolvimento foi encontrada no frontend de desenvolvimento",
              "timedOut": null,
              "duration": 1816,
              "state": "passed",
              "speed": "slow",
              "pass": true,
              "fail": false,
              "pending": false,
              "context": null,
              "code": "cy.visit(FRONT_URL);\ncy.contains(\"Em desenvolvimento\").should(\"exist\");",
              "err": {},
              "uuid": "9d8a4e39-0a43-4f43-b879-2dba3b5ae92d",
              "parentUUID": "8eb17069-af55-4bec-9017-e963531983ca",
              "isHook": false,
              "skipped": false
            },
            {
              "title": "Será validado que a tag de desenvolvimento não existe no frontend de produção",
              "fullTitle": "Verifica os multi-ambientes e modo de desenvolvimento Será validado que a tag de desenvolvimento não existe no frontend de produção",
              "timedOut": null,
              "duration": 2889,
              "state": "passed",
              "speed": "slow",
              "pass": true,
              "fail": false,
              "pending": false,
              "context": null,
              "code": "cy.visit(FRONT_URL_PROD);\ncy.contains(\"Em desenvolvimento\").should(\"not.exist\");",
              "err": {},
              "uuid": "18974f6c-a0b4-4d2c-b388-a149d2c304da",
              "parentUUID": "8eb17069-af55-4bec-9017-e963531983ca",
              "isHook": false,
              "skipped": false
            }
          ],
          "suites": [],
          "passes": [
            "9d8a4e39-0a43-4f43-b879-2dba3b5ae92d",
            "18974f6c-a0b4-4d2c-b388-a149d2c304da"
          ],
          "failures": [],
          "pending": [],
          "skipped": [],
          "duration": 4705,
          "root": false,
          "rootEmpty": false,
          "_timeout": 2000
        }
      ],
      "passes": [],
      "failures": [],
      "pending": [],
      "skipped": [],
      "duration": 0,
      "root": true,
      "rootEmpty": true,
      "_timeout": 2000
    }
  ],
  "meta": {
    "mocha": {
      "version": "7.0.1"
    },
    "mochawesome": {
      "options": {
        "quiet": false,
        "reportFilename": "mochawesome",
        "saveHtml": false,
        "saveJson": true,
        "consoleReporter": "spec",
        "useInlineDiffs": false
      },
      "version": "4.1.0"
    },
    "marge": {
      "options": {
        "id": "default",
        "reportDir": "cypress/reports",
        "overwrite": false,
        "html": false,
        "json": true
      },
      "version": "4.1.0"
    }
  }
}